#
# There is insufficient memory for the Java Runtime Environment to continue.
# Native memory allocation (mmap) failed to map 65536 bytes for Failed to commit metaspace.
# Possible reasons:
#   The system is out of physical RAM or swap space
#   The process is running with CompressedOops enabled, and the Java Heap may be blocking the growth of the native heap
# Possible solutions:
#   Reduce memory load on the system
#   Increase physical memory or swap space
#   Check if swap backing store is full
#   Decrease Java heap size (-Xmx/-Xms)
#   Decrease number of Java threads
#   Decrease Java thread stack sizes (-Xss)
#   Set larger code cache with -XX:ReservedCodeCacheSize=
#   JVM is running with Unscaled Compressed Oops mode in which the Java heap is
#     placed in the first 4GB address space. The Java Heap base address is the
#     maximum limit for the native heap growth. Please use -XX:HeapBaseMinAddress
#     to set the Java Heap base and to place the Java Heap above 4GB virtual address.
# This output file may be truncated or incomplete.
#
#  Out of Memory Error (virtualSpaceNode.cpp:110), pid=13908, tid=8960
#
# JRE version: OpenJDK Runtime Environment Temurin-17.0.2+8 (17.0.2+8) (build 17.0.2+8)
# Java VM: OpenJDK 64-Bit Server VM Temurin-17.0.2+8 (17.0.2+8, mixed mode, tiered, compressed oops, compressed class ptrs, parallel gc, windows-amd64)
# No core dump will be written. Minidumps are not enabled by default on client versions of Windows
#

---------------  S U M M A R Y ------------

Command Line: --add-modules=ALL-SYSTEM --add-opens=java.base/java.util=ALL-UNNAMED --add-opens=java.base/java.lang=ALL-UNNAMED --add-opens=java.base/sun.nio.fs=ALL-UNNAMED -Declipse.application=org.eclipse.jdt.ls.core.id1 -Dosgi.bundles.defaultStartLevel=4 -Declipse.product=org.eclipse.jdt.ls.core.product -Djava.import.generatesMetadataFilesAtProjectRoot=false -Dfile.encoding=utf8 -DwatchParentProcess=false -XX:+UseParallelGC -XX:GCTimeRatio=4 -XX:AdaptiveSizePolicyWeight=90 -Dsun.zip.disableMemoryMapping=true -Xmx1G -Xms100m -XX:+HeapDumpOnOutOfMemoryError -XX:HeapDumpPath=c:\Users\User\AppData\Roaming\Code\User\workspaceStorage\a8cc6981ce10e67b8776469c411d237d\redhat.java c:\Users\User\.vscode\extensions\redhat.java-1.4.0\server\plugins\org.eclipse.equinox.launcher_1.6.400.v20210924-0641.jar -configuration c:\Users\User\AppData\Roaming\Code\User\globalStorage\redhat.java\1.4.0\config_win -data c:\Users\User\AppData\Roaming\Code\User\workspaceStorage\a8cc6981ce10e67b8776469c411d237d\redhat.java\jdt_ws

Host: Intel(R) Core(TM) i3-7020U CPU @ 2.30GHz, 4 cores, 3G,  Windows 10 , 64 bit Build 19041 (10.0.19041.1503)
Time: Sun Mar 20 17:12:07 2022 Malay Peninsula Standard Time elapsed time: 3.087801 seconds (0d 0h 0m 3s)

---------------  T H R E A D  ---------------

Current thread (0x00000144751c04c0):  JavaThread "main" [_thread_in_vm, id=8960, stack(0x00000012e6800000,0x00000012e6900000)]

Stack: [0x00000012e6800000,0x00000012e6900000]
Native frames: (J=compiled Java code, j=interpreted, Vv=VM code, C=native code)
V  [jvm.dll+0x67564a]
V  [jvm.dll+0x82fc04]
V  [jvm.dll+0x8313ae]
V  [jvm.dll+0x831a13]
V  [jvm.dll+0x245235]
V  [jvm.dll+0x82bbab]
V  [jvm.dll+0x61a336]
V  [jvm.dll+0x1c016e]
V  [jvm.dll+0x61cc81]
V  [jvm.dll+0x61acd6]
V  [jvm.dll+0x624a37]
V  [jvm.dll+0x1e9eab]
V  [jvm.dll+0x1ea3e5]
V  [jvm.dll+0x1eae1f]
V  [jvm.dll+0x1e02c1]
V  [jvm.dll+0x53b6e0]
V  [jvm.dll+0x7aad88]
V  [jvm.dll+0x7aae74]
V  [jvm.dll+0x40c2f5]
V  [jvm.dll+0x4124e8]
C  [java.dll+0x17ec]

Java frames: (J=compiled Java code, j=interpreted, Vv=VM code)
J 1088  java.lang.ClassLoader.defineClass1(Ljava/lang/ClassLoader;Ljava/lang/String;[BIILjava/security/ProtectionDomain;Ljava/lang/String;)Ljava/lang/Class; java.base@17.0.2 (0 bytes) @ 0x0000014407b2b3db [0x0000014407b2b320+0x00000000000000bb]
j  java.lang.ClassLoader.defineClass(Ljava/lang/String;[BIILjava/security/ProtectionDomain;)Ljava/lang/Class;+27 java.base@17.0.2
j  java.security.SecureClassLoader.defineClass(Ljava/lang/String;[BIILjava/security/CodeSource;)Ljava/lang/Class;+12 java.base@17.0.2
J 1116 c1 java.net.URLClassLoader.defineClass(Ljava/lang/String;Ljdk/internal/loader/Resource;)Ljava/lang/Class; java.base@17.0.2 (225 bytes) @ 0x0000014400778ef4 [0x00000144007774c0+0x0000000000001a34]
j  java.net.URLClassLoader$1.run()Ljava/lang/Class;+43 java.base@17.0.2
j  java.net.URLClassLoader$1.run()Ljava/lang/Object;+1 java.base@17.0.2
J 1213 c1 java.security.AccessController.doPrivileged(Ljava/security/PrivilegedExceptionAction;Ljava/security/AccessControlContext;)Ljava/lang/Object; java.base@17.0.2 (26 bytes) @ 0x00000144007b3af4 [0x00000144007b3920+0x00000000000001d4]
J 1108 c1 java.net.URLClassLoader.findClass(Ljava/lang/String;)Ljava/lang/Class; java.base@17.0.2 (47 bytes) @ 0x0000014400774c6c [0x0000014400774b00+0x000000000000016c]
J 816 c1 java.lang.ClassLoader.loadClass(Ljava/lang/String;Z)Ljava/lang/Class; java.base@17.0.2 (121 bytes) @ 0x00000144006e7b5c [0x00000144006e75c0+0x000000000000059c]
J 648 c1 java.lang.ClassLoader.loadClass(Ljava/lang/String;)Ljava/lang/Class; java.base@17.0.2 (7 bytes) @ 0x00000144006aa53c [0x00000144006aa440+0x00000000000000fc]
v  ~StubRoutines::call_stub
j  org.eclipse.osgi.compatibility.state.PlatformAdminImpl.<init>()V+5
j  org.eclipse.osgi.compatibility.state.Activator.<init>()V+9
v  ~StubRoutines::call_stub
j  jdk.internal.reflect.NativeConstructorAccessorImpl.newInstance0(Ljava/lang/reflect/Constructor;[Ljava/lang/Object;)Ljava/lang/Object;+0 java.base@17.0.2
j  jdk.internal.reflect.NativeConstructorAccessorImpl.newInstance([Ljava/lang/Object;)Ljava/lang/Object;+118 java.base@17.0.2
J 695 c1 jdk.internal.reflect.DelegatingConstructorAccessorImpl.newInstance([Ljava/lang/Object;)Ljava/lang/Object; java.base@17.0.2 (9 bytes) @ 0x00000144006bb3bc [0x00000144006bb2c0+0x00000000000000fc]
J 1049 c1 java.lang.reflect.Constructor.newInstanceWithCaller([Ljava/lang/Object;ZLjava/lang/Class;)Ljava/lang/Object; java.base@17.0.2 (76 bytes) @ 0x000001440075aa54 [0x000001440075a800+0x0000000000000254]
J 699 c1 java.lang.reflect.Constructor.newInstance([Ljava/lang/Object;)Ljava/lang/Object; java.base@17.0.2 (34 bytes) @ 0x00000144006bf72c [0x00000144006bf5c0+0x000000000000016c]
j  org.eclipse.osgi.storage.FrameworkExtensionInstaller.startExtensionActivator(Lorg/eclipse/osgi/container/ModuleRevision;Lorg/osgi/framework/BundleContext;)V+75
j  org.eclipse.osgi.storage.FrameworkExtensionInstaller.startExtensionActivators(Lorg/osgi/framework/BundleContext;)V+157
j  org.eclipse.osgi.internal.framework.SystemBundleActivator.start(Lorg/osgi/framework/BundleContext;)V+459
j  org.eclipse.osgi.internal.framework.BundleContextImpl$2.run()Ljava/lang/Void;+23
j  org.eclipse.osgi.internal.framework.BundleContextImpl$2.run()Ljava/lang/Object;+1
j  java.security.AccessController.executePrivileged(Ljava/security/PrivilegedExceptionAction;Ljava/security/AccessControlContext;Ljava/lang/Class;)Ljava/lang/Object;+29 java.base@17.0.2
j  java.security.AccessController.doPrivileged(Ljava/security/PrivilegedExceptionAction;)Ljava/lang/Object;+9 java.base@17.0.2
j  org.eclipse.osgi.internal.framework.BundleContextImpl.startActivator(Lorg/osgi/framework/BundleActivator;)V+9
j  org.eclipse.osgi.internal.framework.BundleContextImpl.start()V+134
j  org.eclipse.osgi.internal.framework.EquinoxBundle.startWorker0()V+35
j  org.eclipse.osgi.internal.framework.EquinoxBundle$SystemBundle$EquinoxSystemModule.initWorker()V+60
j  org.eclipse.osgi.container.SystemModule.init()V+333
j  org.eclipse.osgi.internal.framework.EquinoxBundle$SystemBundle.init([Lorg/osgi/framework/FrameworkListener;)V+84
j  org.eclipse.osgi.internal.framework.EquinoxBundle$SystemBundle.init()V+2
j  org.eclipse.osgi.launch.Equinox.init()V+4
j  org.eclipse.core.runtime.adaptor.EclipseStarter.startup([Ljava/lang/String;Ljava/lang/Runnable;)Lorg/osgi/framework/BundleContext;+37
j  org.eclipse.core.runtime.adaptor.EclipseStarter.run([Ljava/lang/String;Ljava/lang/Runnable;)Ljava/lang/Object;+21
v  ~StubRoutines::call_stub
j  jdk.internal.reflect.NativeMethodAccessorImpl.invoke0(Ljava/lang/reflect/Method;Ljava/lang/Object;[Ljava/lang/Object;)Ljava/lang/Object;+0 java.base@17.0.2
j  jdk.internal.reflect.NativeMethodAccessorImpl.invoke(Ljava/lang/Object;[Ljava/lang/Object;)Ljava/lang/Object;+133 java.base@17.0.2
j  jdk.internal.reflect.DelegatingMethodAccessorImpl.invoke(Ljava/lang/Object;[Ljava/lang/Object;)Ljava/lang/Object;+6 java.base@17.0.2
j  java.lang.reflect.Method.invoke(Ljava/lang/Object;[Ljava/lang/Object;)Ljava/lang/Object;+59 java.base@17.0.2
j  org.eclipse.equinox.launcher.Main.invokeFramework([Ljava/lang/String;[Ljava/net/URL;)V+201
j  org.eclipse.equinox.launcher.Main.basicRun([Ljava/lang/String;)V+159
j  org.eclipse.equinox.launcher.Main.run([Ljava/lang/String;)I+4
j  org.eclipse.equinox.launcher.Main.main([Ljava/lang/String;)V+10
v  ~StubRoutines::call_stub

---------------  P R O C E S S  ---------------

Threads class SMR info:
_java_thread_list=0x000001447c077180, length=13, elements={
0x00000144751c04c0, 0x0000014479fd0b70, 0x0000014479fd3640, 0x000001447a00e010,
0x000001447a00ead0, 0x000001447a0114a0, 0x000001447a012d70, 0x000001447a013a10,
0x000001447a0143c0, 0x000001447b9e8930, 0x0000014479ed0e60, 0x000001447bb8d7e0,
0x000001447c275070
}

Java Threads: ( => current thread )
=>0x00000144751c04c0 JavaThread "main" [_thread_in_vm, id=8960, stack(0x00000012e6800000,0x00000012e6900000)]
  0x0000014479fd0b70 JavaThread "Reference Handler" daemon [_thread_blocked, id=16508, stack(0x00000012e6b00000,0x00000012e6c00000)]
  0x0000014479fd3640 JavaThread "Finalizer" daemon [_thread_blocked, id=15320, stack(0x00000012e6c00000,0x00000012e6d00000)]
  0x000001447a00e010 JavaThread "Signal Dispatcher" daemon [_thread_blocked, id=2944, stack(0x00000012e6d00000,0x00000012e6e00000)]
  0x000001447a00ead0 JavaThread "Attach Listener" daemon [_thread_blocked, id=18388, stack(0x00000012e6e00000,0x00000012e6f00000)]
  0x000001447a0114a0 JavaThread "Service Thread" daemon [_thread_blocked, id=15140, stack(0x00000012e6f00000,0x00000012e7000000)]
  0x000001447a012d70 JavaThread "Monitor Deflation Thread" daemon [_thread_blocked, id=4976, stack(0x00000012e7000000,0x00000012e7100000)]
  0x000001447a013a10 JavaThread "C2 CompilerThread0" daemon [_thread_blocked, id=9344, stack(0x00000012e7100000,0x00000012e7200000)]
  0x000001447a0143c0 JavaThread "C1 CompilerThread0" daemon [_thread_blocked, id=8812, stack(0x00000012e7200000,0x00000012e7300000)]
  0x000001447b9e8930 JavaThread "Sweeper thread" daemon [_thread_blocked, id=13772, stack(0x00000012e7300000,0x00000012e7400000)]
  0x0000014479ed0e60 JavaThread "Common-Cleaner" daemon [_thread_blocked, id=18124, stack(0x00000012e7400000,0x00000012e7500000)]
  0x000001447bb8d7e0 JavaThread "Notification Thread" daemon [_thread_blocked, id=12928, stack(0x00000012e7500000,0x00000012e7600000)]
  0x000001447c275070 JavaThread "Active Thread: Equinox Container: c9794250-eaf8-4bf0-84d9-2ce4761fe5c9" [_thread_blocked, id=18020, stack(0x00000012e7700000,0x00000012e7800000)]

Other Threads:
  0x0000014479fb8940 VMThread "VM Thread" [stack: 0x00000012e6a00000,0x00000012e6b00000] [id=9204]
  0x000001447bb8dcb0 WatcherThread [stack: 0x00000012e7600000,0x00000012e7700000] [id=1292]
  0x00000144751d6da0 GCTaskThread "GC Thread#0" [stack: 0x00000012e6900000,0x00000012e6a00000] [id=2192]

Threads with active compile tasks:

VM state: not at safepoint (normal execution)

VM Mutex/Monitor currently owned by a thread:  ([mutex/lock_event])
[0x00000144751bbf00] Metaspace_lock - owner thread: 0x00000144751c04c0

Heap address: 0x00000000c0000000, size: 1024 MB, Compressed Oops mode: 32-bit

CDS archive(s) not mapped
Compressed class space mapped at: 0x0000000100000000-0x0000000140000000, reserved size: 1073741824
Narrow klass base: 0x0000000000000000, Narrow klass shift: 3, Narrow klass range: 0x140000000

GC Precious Log:
 CPUs: 4 total, 4 available
 Memory: 3978M
 Large Page Support: Disabled
 NUMA Support: Disabled
 Compressed Oops: Enabled (32-bit)
 Alignments: Space 512K, Generation 512K, Heap 2M
 Heap Min Capacity: 100M
 Heap Initial Capacity: 100M
 Heap Max Capacity: 1G
 Pre-touch: Disabled
 Parallel Workers: 4

Heap:
 PSYoungGen      total 29696K, used 24335K [0x00000000eab00000, 0x00000000ecc00000, 0x0000000100000000)
  eden space 25600K, 95% used [0x00000000eab00000,0x00000000ec2c3cd8,0x00000000ec400000)
  from space 4096K, 0% used [0x00000000ec800000,0x00000000ec800000,0x00000000ecc00000)
  to   space 4096K, 0% used [0x00000000ec400000,0x00000000ec400000,0x00000000ec800000)
 ParOldGen       total 68608K, used 0K [0x00000000c0000000, 0x00000000c4300000, 0x00000000eab00000)
  object space 68608K, 0% used [0x00000000c0000000,0x00000000c0000000,0x00000000c4300000)
 Metaspace       used 12657K, committed 12800K, reserved 1064960K
  class space    used 1269K, committed 1344K, reserved 1048576K

Card table byte_map: [0x0000014474b80000,0x0000014474d90000] _byte_map_base: 0x0000014474580000

Marking Bits: (ParMarkBitMap*) 0x00007ffee55b3af0
 Begin Bits: [0x0000014477e50000, 0x0000014478e50000)
 End Bits:   [0x0000014478e50000, 0x0000014479e50000)

Polling page: 0x00000144731c0000

Metaspace:

Usage:
  Non-class:     11.12 MB used.
      Class:      1.24 MB used.
       Both:     12.36 MB used.

Virtual space:
  Non-class space:       16.00 MB reserved,      11.19 MB ( 70%) committed,  2 nodes.
      Class space:        1.00 GB reserved,       1.31 MB ( <1%) committed,  1 nodes.
             Both:        1.02 GB reserved,      12.50 MB (  1%) committed. 

Chunk freelists:
   Non-Class:  3.92 MB
       Class:  2.73 MB
        Both:  6.66 MB

MaxMetaspaceSize: unlimited
CompressedClassSpaceSize: 1.00 GB
Initial GC threshold: 21.00 MB
Current GC threshold: 21.00 MB
CDS: off
MetaspaceReclaimPolicy: balanced
 - commit_granule_bytes: 65536.
 - commit_granule_words: 8192.
 - virtual_space_node_default_size: 1048576.
 - enlarge_chunks_in_place: 1.
 - new_chunks_are_fully_committed: 0.
 - uncommit_free_chunks: 1.
 - use_allocation_guard: 0.
 - handle_deallocations: 1.


Internal statistics:

num_allocs_failed_limit: 0.
num_arena_births: 60.
num_arena_deaths: 0.
num_vsnodes_births: 3.
num_vsnodes_deaths: 0.
num_space_committed: 200.
num_space_uncommitted: 0.
num_chunks_returned_to_freelist: 0.
num_chunks_taken_from_freelist: 197.
num_chunk_merges: 0.
num_chunk_splits: 126.
num_chunks_enlarged: 95.
num_purges: 0.
num_inconsistent_stats: 0.

CodeHeap 'non-profiled nmethods': size=120000Kb used=404Kb max_used=404Kb free=119596Kb
 bounds [0x0000014407ad0000, 0x0000014407d40000, 0x000001440f000000]
CodeHeap 'profiled nmethods': size=120000Kb used=2150Kb max_used=2150Kb free=117849Kb
 bounds [0x00000144005a0000, 0x0000014400810000, 0x0000014407ad0000]
CodeHeap 'non-nmethods': size=5760Kb used=1140Kb max_used=1163Kb free=4619Kb
 bounds [0x0000014400000000, 0x0000014400270000, 0x00000144005a0000]
 total_blobs=1646 nmethods=1213 adapters=348
 compilation: enabled
              stopped_count=0, restarted_count=0
 full_count=0

Compilation events (20 events):
Event: 3.049 Thread 0x000001447a0143c0 nmethod 1207 0x00000144007b1590 code [0x00000144007b1720, 0x00000144007b18b8]
Event: 3.049 Thread 0x000001447a0143c0 1208       3       java.util.zip.ZipFile$InflaterCleanupAction::run (12 bytes)
Event: 3.049 Thread 0x000001447a0143c0 nmethod 1208 0x00000144007b1990 code [0x00000144007b1b40, 0x00000144007b1ca8]
Event: 3.049 Thread 0x000001447a0143c0 1209   !   3       java.util.zip.ZipFile$CleanableResource::releaseInflater (53 bytes)
Event: 3.050 Thread 0x000001447a0143c0 nmethod 1209 0x00000144007b1d90 code [0x00000144007b1f60, 0x00000144007b2388]
Event: 3.050 Thread 0x000001447a0143c0 1210       3       java.lang.Throwable::<init> (39 bytes)
Event: 3.050 Thread 0x000001447a0143c0 nmethod 1210 0x00000144007b2590 code [0x00000144007b2740, 0x00000144007b2a08]
Event: 3.050 Thread 0x000001447a0143c0 1211       3       java.lang.String::indexOf (18 bytes)
Event: 3.050 Thread 0x000001447a0143c0 nmethod 1211 0x00000144007b2b10 code [0x00000144007b2ce0, 0x00000144007b2fa8]
Event: 3.051 Thread 0x000001447a0143c0 1212       3       java.security.AccessController::executePrivileged (65 bytes)
Event: 3.052 Thread 0x000001447a0143c0 nmethod 1212 0x00000144007b3110 code [0x00000144007b32e0, 0x00000144007b35d8]
Event: 3.052 Thread 0x000001447a0143c0 1213   !   3       java.security.AccessController::doPrivileged (26 bytes)
Event: 3.053 Thread 0x000001447a0143c0 nmethod 1213 0x00000144007b3710 code [0x00000144007b3920, 0x00000144007b3e48]
Event: 3.070 Thread 0x000001447a013a10 nmethod 1186 0x0000014407b32f90 code [0x0000014407b331e0, 0x0000014407b344b0]
Event: 3.070 Thread 0x000001447a0143c0 1214   !   3       jdk.internal.loader.URLClassPath$JarLoader::checkResource (78 bytes)
Event: 3.070 Thread 0x000001447a013a10 1189       4       jdk.internal.reflect.ByteVectorImpl::add (38 bytes)
Event: 3.072 Thread 0x000001447a0143c0 nmethod 1214 0x00000144007b4110 code [0x00000144007b4340, 0x00000144007b4c28]
Event: 3.073 Thread 0x000001447a013a10 nmethod 1189 0x0000014407b34c90 code [0x0000014407b34e20, 0x0000014407b34f28]
Event: 3.074 Thread 0x000001447a0143c0 1215   !   3       sun.security.util.ManifestEntryVerifier::setEntry (298 bytes)
Event: 3.079 Thread 0x000001447a0143c0 nmethod 1215 0x00000144007b5090 code [0x00000144007b5640, 0x00000144007b86b8]

GC Heap History (0 events):
No events

Deoptimization events (20 events):
Event: 1.294 Thread 0x00000144751c04c0 DEOPT PACKING pc=0x0000014407af55f8 sp=0x00000012e68fd9b0
Event: 1.294 Thread 0x00000144751c04c0 DEOPT UNPACKING pc=0x00000144000520a3 sp=0x00000012e68fd8c8 mode 2
Event: 1.294 Thread 0x00000144751c04c0 Uncommon trap: trap_request=0xffffffde fr.pc=0x0000014407af55f8 relative=0x0000000000000a38
Event: 1.294 Thread 0x00000144751c04c0 Uncommon trap: reason=class_check action=maybe_recompile pc=0x0000014407af55f8 method=java.util.HashMap.putVal(ILjava/lang/Object;Ljava/lang/Object;ZZ)Ljava/lang/Object; @ 203 c2
Event: 1.294 Thread 0x00000144751c04c0 DEOPT PACKING pc=0x0000014407af55f8 sp=0x00000012e68fd9b0
Event: 1.294 Thread 0x00000144751c04c0 DEOPT UNPACKING pc=0x00000144000520a3 sp=0x00000012e68fd8c8 mode 2
Event: 1.498 Thread 0x00000144751c04c0 DEOPT PACKING pc=0x000001440063c30c sp=0x00000012e68fd260
Event: 1.498 Thread 0x00000144751c04c0 DEOPT UNPACKING pc=0x0000014400052843 sp=0x00000012e68fc6f0 mode 0
Event: 2.653 Thread 0x00000144751c04c0 Uncommon trap: trap_request=0xffffff45 fr.pc=0x0000014407aebf88 relative=0x0000000000000088
Event: 2.653 Thread 0x00000144751c04c0 Uncommon trap: reason=unstable_if action=reinterpret pc=0x0000014407aebf88 method=java.lang.invoke.VarForm.getMemberNameOrNull(I)Ljava/lang/invoke/MemberName; @ 8 c2
Event: 2.653 Thread 0x00000144751c04c0 DEOPT PACKING pc=0x0000014407aebf88 sp=0x00000012e68fe020
Event: 2.653 Thread 0x00000144751c04c0 DEOPT UNPACKING pc=0x00000144000520a3 sp=0x00000012e68fdf48 mode 2
Event: 2.843 Thread 0x00000144751c04c0 Uncommon trap: trap_request=0xffffffde fr.pc=0x0000014407b10144 relative=0x0000000000000984
Event: 2.843 Thread 0x00000144751c04c0 Uncommon trap: reason=class_check action=maybe_recompile pc=0x0000014407b10144 method=java.util.HashMap.putVal(ILjava/lang/Object;Ljava/lang/Object;ZZ)Ljava/lang/Object; @ 253 c2
Event: 2.843 Thread 0x00000144751c04c0 DEOPT PACKING pc=0x0000014407b10144 sp=0x00000012e68fda90
Event: 2.843 Thread 0x00000144751c04c0 DEOPT UNPACKING pc=0x00000144000520a3 sp=0x00000012e68fda10 mode 2
Event: 2.859 Thread 0x00000144751c04c0 Uncommon trap: trap_request=0xffffffde fr.pc=0x0000014407b10144 relative=0x0000000000000984
Event: 2.859 Thread 0x00000144751c04c0 Uncommon trap: reason=class_check action=maybe_recompile pc=0x0000014407b10144 method=java.util.HashMap.putVal(ILjava/lang/Object;Ljava/lang/Object;ZZ)Ljava/lang/Object; @ 253 c2
Event: 2.859 Thread 0x00000144751c04c0 DEOPT PACKING pc=0x0000014407b10144 sp=0x00000012e68fda90
Event: 2.859 Thread 0x00000144751c04c0 DEOPT UNPACKING pc=0x00000144000520a3 sp=0x00000012e68fda10 mode 2

Classes unloaded (0 events):
No events

Classes redefined (0 events):
No events

Internal exceptions (20 events):
Event: 1.011 Thread 0x00000144751c04c0 Exception <a 'java/lang/ClassNotFoundException'{0x00000000eaf790e8}: sun/net/www/protocol/c/Handler> (0x00000000eaf790e8) 
thrown [e:\jenkins\tmp\workspace\build\src\src\hotspot\share\classfile\systemDictionary.cpp, line 256]
Event: 1.028 Thread 0x00000144751c04c0 Exception <a 'java/io/FileNotFoundException'{0x00000000eaf8f470}> (0x00000000eaf8f470) 
thrown [e:\jenkins\tmp\workspace\build\src\src\hotspot\share\prims\jni.cpp, line 516]
Event: 1.028 Thread 0x00000144751c04c0 Exception <a 'java/io/FileNotFoundException'{0x00000000eaf900e8}> (0x00000000eaf900e8) 
thrown [e:\jenkins\tmp\workspace\build\src\src\hotspot\share\prims\jni.cpp, line 516]
Event: 1.029 Thread 0x00000144751c04c0 Exception <a 'java/io/FileNotFoundException'{0x00000000eaf90d40}> (0x00000000eaf90d40) 
thrown [e:\jenkins\tmp\workspace\build\src\src\hotspot\share\prims\jni.cpp, line 516]
Event: 1.029 Thread 0x00000144751c04c0 Exception <a 'java/io/FileNotFoundException'{0x00000000eaf91990}> (0x00000000eaf91990) 
thrown [e:\jenkins\tmp\workspace\build\src\src\hotspot\share\prims\jni.cpp, line 516]
Event: 1.051 Thread 0x00000144751c04c0 Exception <a 'java/io/FileNotFoundException'{0x00000000eafb2bc0}> (0x00000000eafb2bc0) 
thrown [e:\jenkins\tmp\workspace\build\src\src\hotspot\share\prims\jni.cpp, line 516]
Event: 1.319 Thread 0x00000144751c04c0 Exception <a 'java/lang/ClassNotFoundException'{0x00000000eb63bd98}: sun/net/www/protocol/c/Handler> (0x00000000eb63bd98) 
thrown [e:\jenkins\tmp\workspace\build\src\src\hotspot\share\classfile\systemDictionary.cpp, line 256]
Event: 1.319 Thread 0x00000144751c04c0 Exception <a 'java/lang/ClassNotFoundException'{0x00000000eb63d130}: sun/net/www/protocol/c/Handler> (0x00000000eb63d130) 
thrown [e:\jenkins\tmp\workspace\build\src\src\hotspot\share\classfile\systemDictionary.cpp, line 256]
Event: 1.320 Thread 0x00000144751c04c0 Exception <a 'java/lang/ClassNotFoundException'{0x00000000eb63e368}: sun/net/www/protocol/c/Handler> (0x00000000eb63e368) 
thrown [e:\jenkins\tmp\workspace\build\src\src\hotspot\share\classfile\systemDictionary.cpp, line 256]
Event: 1.349 Thread 0x00000144751c04c0 Exception <a 'java/io/FileNotFoundException'{0x00000000eb65f638}> (0x00000000eb65f638) 
thrown [e:\jenkins\tmp\workspace\build\src\src\hotspot\share\prims\jni.cpp, line 516]
Event: 1.612 Thread 0x00000144751c04c0 Exception <a 'java/lang/NoSuchMethodError'{0x00000000eb837950}: 'int java.lang.invoke.DirectMethodHandle$Holder.invokeStaticInit(java.lang.Object, java.lang.Object, java.lang.Object, java.lang.Object)'> (0x00000000eb837950) 
thrown [e:\jenkins\tmp\workspace\build\src\src\hotspot\share\interpreter\linkResolver.cpp, line 766]
Event: 1.629 Thread 0x00000144751c04c0 Exception <a 'java/lang/NoSuchMethodError'{0x00000000eb841fc0}: 'java.lang.Object java.lang.invoke.DirectMethodHandle$Holder.invokeInterface(java.lang.Object, java.lang.Object)'> (0x00000000eb841fc0) 
thrown [e:\jenkins\tmp\workspace\build\src\src\hotspot\share\interpreter\linkResolver.cpp, line 766]
Event: 1.630 Thread 0x00000144751c04c0 Exception <a 'java/lang/IncompatibleClassChangeError'{0x00000000eb8457b8}: Found class java.lang.Object, but interface was expected> (0x00000000eb8457b8) 
thrown [e:\jenkins\tmp\workspace\build\src\src\hotspot\share\interpreter\linkResolver.cpp, line 833]
Event: 1.638 Thread 0x00000144751c04c0 Exception <a 'java/lang/NoSuchMethodError'{0x00000000eb8486d8}: 'void java.lang.invoke.DirectMethodHandle$Holder.invokeStatic(java.lang.Object, java.lang.Object)'> (0x00000000eb8486d8) 
thrown [e:\jenkins\tmp\workspace\build\src\src\hotspot\share\interpreter\linkResolver.cpp, line 766]
Event: 1.639 Thread 0x00000144751c04c0 Exception <a 'java/lang/NoSuchMethodError'{0x00000000eb84bed8}: 'void java.lang.invoke.DirectMethodHandle$Holder.invokeStaticInit(java.lang.Object, java.lang.Object)'> (0x00000000eb84bed8) 
thrown [e:\jenkins\tmp\workspace\build\src\src\hotspot\share\interpreter\linkResolver.cpp, line 766]
Event: 1.649 Thread 0x00000144751c04c0 Exception <a 'java/lang/NoSuchMethodError'{0x00000000eb8519e8}: 'int java.lang.invoke.DirectMethodHandle$Holder.invokeStaticInit(java.lang.Object, java.lang.Object)'> (0x00000000eb8519e8) 
thrown [e:\jenkins\tmp\workspace\build\src\src\hotspot\share\interpreter\linkResolver.cpp, line 766]
Event: 1.730 Thread 0x00000144751c04c0 Exception <a 'java/lang/NoSuchMethodError'{0x00000000eb8a2a70}: 'java.lang.Object java.lang.invoke.DirectMethodHandle$Holder.invokeStaticInit(java.lang.Object, int, int, int, int)'> (0x00000000eb8a2a70) 
thrown [e:\jenkins\tmp\workspace\build\src\src\hotspot\share\interpreter\linkResolver.cpp, line 766]
Event: 2.130 Thread 0x00000144751c04c0 Exception <a 'java/lang/NoSuchMethodError'{0x00000000eb963fa0}: 'java.lang.Object java.lang.invoke.DirectMethodHandle$Holder.invokeStaticInit(java.lang.Object, java.lang.Object, int, int, int, int)'> (0x00000000eb963fa0) 
thrown [e:\jenkins\tmp\workspace\build\src\src\hotspot\share\interpreter\linkResolver.cpp, line 766]
Event: 2.209 Thread 0x00000144751c04c0 Exception <a 'java/lang/NoSuchMethodError'{0x00000000eb9f4478}: 'void java.lang.invoke.DirectMethodHandle$Holder.invokeSpecial(java.lang.Object, java.lang.Object, java.lang.Object)'> (0x00000000eb9f4478) 
thrown [e:\jenkins\tmp\workspace\build\src\src\hotspot\share\interpreter\linkResolver.cpp, line 766]
Event: 2.815 Thread 0x00000144751c04c0 Exception <a 'java/lang/NoSuchMethodError'{0x00000000ec09d9a0}: 'java.lang.Object java.lang.invoke.DirectMethodHandle$Holder.newInvokeSpecial(java.lang.Object, int, java.lang.Object)'> (0x00000000ec09d9a0) 
thrown [e:\jenkins\tmp\workspace\build\src\src\hotspot\share\interpreter\linkResolver.cpp, line 766]

VM Operations (12 events):
Event: 0.408 Executing VM operation: HandshakeAllThreads
Event: 0.408 Executing VM operation: HandshakeAllThreads done
Event: 1.411 Executing VM operation: Cleanup
Event: 1.444 Executing VM operation: Cleanup done
Event: 1.777 Executing VM operation: HandshakeAllThreads
Event: 1.777 Executing VM operation: HandshakeAllThreads done
Event: 2.720 Executing VM operation: HandshakeAllThreads
Event: 2.739 Executing VM operation: HandshakeAllThreads done
Event: 2.739 Executing VM operation: Cleanup
Event: 2.739 Executing VM operation: Cleanup done
Event: 2.749 Executing VM operation: HandshakeAllThreads
Event: 2.749 Executing VM operation: HandshakeAllThreads done

Events (20 events):
Event: 2.740 loading class java/time/temporal/TemporalAmount done
Event: 2.740 loading class java/time/Duration done
Event: 2.741 loading class java/util/concurrent/locks/AbstractQueuedSynchronizer$ConditionNode
Event: 2.741 loading class java/util/concurrent/locks/AbstractQueuedSynchronizer$Node
Event: 2.741 loading class java/util/concurrent/locks/AbstractQueuedSynchronizer$Node done
Event: 2.741 loading class java/util/concurrent/locks/AbstractQueuedSynchronizer$ConditionNode done
Event: 2.749 loading class java/util/ArrayList$ListItr
Event: 2.749 loading class java/util/ArrayList$ListItr done
Event: 2.769 loading class java/util/LinkedList
Event: 2.769 loading class java/util/AbstractSequentialList
Event: 2.770 loading class java/util/AbstractSequentialList done
Event: 2.770 loading class java/util/LinkedList done
Event: 2.859 loading class java/util/ConcurrentModificationException
Event: 2.859 loading class java/util/ConcurrentModificationException done
Event: 2.878 loading class java/net/ContentHandlerFactory
Event: 2.878 loading class java/net/ContentHandlerFactory done
Event: 2.883 loading class java/net/ContentHandler
Event: 2.884 loading class java/net/ContentHandler done
Event: 3.006 loading class java/security/KeyStoreException
Event: 3.007 loading class java/security/KeyStoreException done


Dynamic libraries:
0x00007ff660890000 - 0x00007ff66089e000 	c:\Users\User\.vscode\extensions\redhat.java-1.4.0\jre\17.0.2-win32-x86_64\bin\java.exe
0x00007fff58530000 - 0x00007fff58725000 	C:\WINDOWS\SYSTEM32\ntdll.dll
0x00007fff572f0000 - 0x00007fff573ae000 	C:\WINDOWS\System32\KERNEL32.DLL
0x00007fff55ce0000 - 0x00007fff55fa8000 	C:\WINDOWS\System32\KERNELBASE.dll
0x00007fff55fb0000 - 0x00007fff560b0000 	C:\WINDOWS\System32\ucrtbase.dll
0x00007fff40690000 - 0x00007fff406a8000 	c:\Users\User\.vscode\extensions\redhat.java-1.4.0\jre\17.0.2-win32-x86_64\bin\jli.dll
0x00007fff38f30000 - 0x00007fff38f49000 	c:\Users\User\.vscode\extensions\redhat.java-1.4.0\jre\17.0.2-win32-x86_64\bin\VCRUNTIME140.dll
0x00007fff57e70000 - 0x00007fff58010000 	C:\WINDOWS\System32\USER32.dll
0x00007fff561a0000 - 0x00007fff561c2000 	C:\WINDOWS\System32\win32u.dll
0x00007fff57860000 - 0x00007fff5788b000 	C:\WINDOWS\System32\GDI32.dll
0x00007fff56330000 - 0x00007fff5643d000 	C:\WINDOWS\System32\gdi32full.dll
0x00007fff55c40000 - 0x00007fff55cdd000 	C:\WINDOWS\System32\msvcp_win.dll
0x00007fff42750000 - 0x00007fff429ea000 	C:\WINDOWS\WinSxS\amd64_microsoft.windows.common-controls_6595b64144ccf1df_6.0.19041.1110_none_60b5254171f9507e\COMCTL32.dll
0x00007fff57d20000 - 0x00007fff57dbe000 	C:\WINDOWS\System32\msvcrt.dll
0x00007fff58370000 - 0x00007fff583a0000 	C:\WINDOWS\System32\IMM32.DLL
0x00007fff50100000 - 0x00007fff5010c000 	c:\Users\User\.vscode\extensions\redhat.java-1.4.0\jre\17.0.2-win32-x86_64\bin\vcruntime140_1.dll
0x00007fff1f910000 - 0x00007fff1f9a1000 	c:\Users\User\.vscode\extensions\redhat.java-1.4.0\jre\17.0.2-win32-x86_64\bin\msvcp140.dll
0x00007ffee4a30000 - 0x00007ffee5677000 	c:\Users\User\.vscode\extensions\redhat.java-1.4.0\jre\17.0.2-win32-x86_64\bin\server\jvm.dll
0x00007fff57dc0000 - 0x00007fff57e6e000 	C:\WINDOWS\System32\ADVAPI32.dll
0x00007fff577c0000 - 0x00007fff5785c000 	C:\WINDOWS\System32\sechost.dll
0x00007fff56a00000 - 0x00007fff56b25000 	C:\WINDOWS\System32\RPCRT4.dll
0x00007fff572e0000 - 0x00007fff572e8000 	C:\WINDOWS\System32\PSAPI.DLL
0x00007fff50610000 - 0x00007fff50619000 	C:\WINDOWS\SYSTEM32\WSOCK32.dll
0x00007fff57b00000 - 0x00007fff57b6b000 	C:\WINDOWS\System32\WS2_32.dll
0x00007fff45850000 - 0x00007fff45877000 	C:\WINDOWS\SYSTEM32\WINMM.dll
0x00007fff4f880000 - 0x00007fff4f88a000 	C:\WINDOWS\SYSTEM32\VERSION.dll
0x00007fff54510000 - 0x00007fff54522000 	C:\WINDOWS\SYSTEM32\kernel.appcore.dll
0x00007fff4fe00000 - 0x00007fff4fe0a000 	c:\Users\User\.vscode\extensions\redhat.java-1.4.0\jre\17.0.2-win32-x86_64\bin\jimage.dll
0x00007fff53a30000 - 0x00007fff53c14000 	C:\WINDOWS\SYSTEM32\DBGHELP.DLL
0x00007fff3de90000 - 0x00007fff3debc000 	C:\WINDOWS\SYSTEM32\dbgcore.DLL
0x00007fff564f0000 - 0x00007fff56572000 	C:\WINDOWS\System32\bcryptPrimitives.dll
0x00007fff30d80000 - 0x00007fff30da5000 	c:\Users\User\.vscode\extensions\redhat.java-1.4.0\jre\17.0.2-win32-x86_64\bin\java.dll
0x00007fff4c140000 - 0x00007fff4c158000 	c:\Users\User\.vscode\extensions\redhat.java-1.4.0\jre\17.0.2-win32-x86_64\bin\zip.dll
0x00007fff56b30000 - 0x00007fff57274000 	C:\WINDOWS\System32\SHELL32.dll
0x00007fff53c20000 - 0x00007fff543b4000 	C:\WINDOWS\SYSTEM32\windows.storage.dll
0x00007fff58010000 - 0x00007fff58365000 	C:\WINDOWS\System32\combase.dll
0x00007fff555c0000 - 0x00007fff555ee000 	C:\WINDOWS\SYSTEM32\Wldp.dll
0x00007fff57530000 - 0x00007fff575dd000 	C:\WINDOWS\System32\SHCORE.dll
0x00007fff583a0000 - 0x00007fff583f5000 	C:\WINDOWS\System32\shlwapi.dll
0x00007fff55b80000 - 0x00007fff55b9f000 	C:\WINDOWS\SYSTEM32\profapi.dll
0x00007fff472f0000 - 0x00007fff47309000 	C:\Users\User\.vscode\extensions\redhat.java-1.4.0\jre\17.0.2-win32-x86_64\bin\net.dll
0x00007fff45d70000 - 0x00007fff45e7c000 	C:\WINDOWS\SYSTEM32\WINHTTP.dll
0x00007fff55320000 - 0x00007fff5538a000 	C:\WINDOWS\system32\mswsock.dll
0x00007fff35e20000 - 0x00007fff35e35000 	C:\Users\User\.vscode\extensions\redhat.java-1.4.0\jre\17.0.2-win32-x86_64\bin\nio.dll
0x00007fff55520000 - 0x00007fff55538000 	C:\WINDOWS\SYSTEM32\CRYPTSP.dll
0x00007fff54ca0000 - 0x00007fff54cd4000 	C:\WINDOWS\system32\rsaenh.dll
0x00007fff56170000 - 0x00007fff56197000 	C:\WINDOWS\System32\bcrypt.dll
0x00007fff55b40000 - 0x00007fff55b6e000 	C:\WINDOWS\SYSTEM32\USERENV.dll
0x00007fff55510000 - 0x00007fff5551c000 	C:\WINDOWS\SYSTEM32\CRYPTBASE.dll
0x00007fff55010000 - 0x00007fff5504b000 	C:\WINDOWS\SYSTEM32\IPHLPAPI.DLL
0x00007fff57af0000 - 0x00007fff57af8000 	C:\WINDOWS\System32\NSI.dll
0x00007fff49c90000 - 0x00007fff49ca7000 	C:\WINDOWS\SYSTEM32\dhcpcsvc6.DLL
0x00007fff4a1c0000 - 0x00007fff4a1dd000 	C:\WINDOWS\SYSTEM32\dhcpcsvc.DLL
0x00007fff55050000 - 0x00007fff5511b000 	C:\WINDOWS\SYSTEM32\DNSAPI.dll

dbghelp: loaded successfully - version: 4.0.5 - missing functions: none
symbol engine: initialized successfully - sym options: 0x614 - pdb path: .;c:\Users\User\.vscode\extensions\redhat.java-1.4.0\jre\17.0.2-win32-x86_64\bin;C:\WINDOWS\SYSTEM32;C:\WINDOWS\WinSxS\amd64_microsoft.windows.common-controls_6595b64144ccf1df_6.0.19041.1110_none_60b5254171f9507e;c:\Users\User\.vscode\extensions\redhat.java-1.4.0\jre\17.0.2-win32-x86_64\bin\server

VM Arguments:
jvm_args: --add-modules=ALL-SYSTEM --add-opens=java.base/java.util=ALL-UNNAMED --add-opens=java.base/java.lang=ALL-UNNAMED --add-opens=java.base/sun.nio.fs=ALL-UNNAMED -Declipse.application=org.eclipse.jdt.ls.core.id1 -Dosgi.bundles.defaultStartLevel=4 -Declipse.product=org.eclipse.jdt.ls.core.product -Djava.import.generatesMetadataFilesAtProjectRoot=false -Dfile.encoding=utf8 -DwatchParentProcess=false -XX:+UseParallelGC -XX:GCTimeRatio=4 -XX:AdaptiveSizePolicyWeight=90 -Dsun.zip.disableMemoryMapping=true -Xmx1G -Xms100m -XX:+HeapDumpOnOutOfMemoryError -XX:HeapDumpPath=c:\Users\User\AppData\Roaming\Code\User\workspaceStorage\a8cc6981ce10e67b8776469c411d237d\redhat.java 
java_command: c:\Users\User\.vscode\extensions\redhat.java-1.4.0\server\plugins\org.eclipse.equinox.launcher_1.6.400.v20210924-0641.jar -configuration c:\Users\User\AppData\Roaming\Code\User\globalStorage\redhat.java\1.4.0\config_win -data c:\Users\User\AppData\Roaming\Code\User\workspaceStorage\a8cc6981ce10e67b8776469c411d237d\redhat.java\jdt_ws
java_class_path (initial): c:\Users\User\.vscode\extensions\redhat.java-1.4.0\server\plugins\org.eclipse.equinox.launcher_1.6.400.v20210924-0641.jar
Launcher Type: SUN_STANDARD

[Global flags]
    uintx AdaptiveSizePolicyWeight                 = 90                                        {product} {command line}
     intx CICompilerCount                          = 3                                         {product} {ergonomic}
    uintx GCTimeRatio                              = 4                                         {product} {command line}
     bool HeapDumpOnOutOfMemoryError               = true                                   {manageable} {command line}
    ccstr HeapDumpPath                             = c:\Users\User\AppData\Roaming\Code\User\workspaceStorage\a8cc6981ce10e67b8776469c411d237d\redhat.java         {manageable} {command line}
   size_t InitialHeapSize                          = 104857600                                 {product} {command line}
   size_t MaxHeapSize                              = 1073741824                                {product} {command line}
   size_t MaxNewSize                               = 357564416                                 {product} {ergonomic}
   size_t MinHeapDeltaBytes                        = 524288                                    {product} {ergonomic}
   size_t MinHeapSize                              = 104857600                                 {product} {command line}
   size_t NewSize                                  = 34603008                                  {product} {ergonomic}
    uintx NonNMethodCodeHeapSize                   = 5832780                                {pd product} {ergonomic}
    uintx NonProfiledCodeHeapSize                  = 122912730                              {pd product} {ergonomic}
   size_t OldSize                                  = 70254592                                  {product} {ergonomic}
    uintx ProfiledCodeHeapSize                     = 122912730                              {pd product} {ergonomic}
    uintx ReservedCodeCacheSize                    = 251658240                              {pd product} {ergonomic}
     bool SegmentedCodeCache                       = true                                      {product} {ergonomic}
   size_t SoftMaxHeapSize                          = 1073741824                             {manageable} {ergonomic}
     bool UseCompressedClassPointers               = true                           {product lp64_product} {ergonomic}
     bool UseCompressedOops                        = true                           {product lp64_product} {ergonomic}
     bool UseLargePagesIndividualAllocation        = false                                  {pd product} {ergonomic}
     bool UseParallelGC                            = true                                      {product} {command line}

Logging:
Log output configuration:
 #0: stdout all=warning uptime,level,tags
 #1: stderr all=off uptime,level,tags

Environment Variables:
PATH=C:\CS Program Files Only\Applications Exe Folders\Python310\Scripts\;C:\CS Program Files Only\Applications Exe Folders\Python310\;C:\Python39\Scripts\;C:\Python39\;C:\Python38\Scripts\;C:\Python38\;C:\Program Files (x86)\Common Files\Oracle\Java\javapath;C:\ProgramData\Oracle\Java\javapath;C:\WINDOWS\system32;C:\WINDOWS;C:\WINDOWS\System32\Wbem;C:\WINDOWS\System32\WindowsPowerShell\v1.0\;C:\WINDOWS\System32\OpenSSH\;C:\Program Files (x86)\Windows Live\Shared;C:\Program Files\Microsoft\Web Platform Installer\;C:\Program Files (x86)\Microsoft ASP.NET\ASP.NET Web Pages\v1.0\;C:\Program Files\Microsoft SQL Server\110\Tools\Binn\;C:\ProgramData\chocolatey\bin;C:\CS Program Files Only\Applications Exe Folders\Git\cmd;C:\CS Program Files Only\Applications Exe Folders\nvm;C:\Program Files\nodejs;C:\msys64\mingw64\bin;C:\msys64\mingw64\bin;C:\Users\User\AppData\Roaming\ActiveState\bin;C:\Program Files (x86)\Common Files\Oracle\Java\javapath;C:\ProgramData\Oracle\Java\javapath;C:\Windows\system32;C:\Windows;C:\Windows\System32\Wbem;C:\Windows\System32\WindowsPowerShell\v1.0\;C:\Windows\System32\OpenSSH\;C:\Program Files (x86)\Windows Live\Shared;C:\Program Files\Microsoft\Web Platform Installer\;C:\Program Files (x86)\Microsoft ASP.NET\ASP.NET Web Pages\v1.0\;C:\Program Files (x86)\Windows Kits\8.0\Windows Performance Toolkit\;C:\Program Files\Microsoft SQL Server\110\Tools\Binn\;C:\CS Program Files Only\Applications Exe Folders\Microsoft VS Code\bin;C:\CS Program Files Only\Applications Exe Folders\WebStorm 2020.1\bin;;C:\Users\User\AppData\Local\Microsoft\WindowsApps;C:\Users\User\AppData\Roaming\npm;C:\CS Program Files Only\Applications Exe Folders\nvm;C:\Program Files\nodejs;C:\Python39\Scripts\;
USERNAME=User
OS=Windows_NT
PROCESSOR_IDENTIFIER=Intel64 Family 6 Model 142 Stepping 9, GenuineIntel



---------------  S Y S T E M  ---------------

OS:
 Windows 10 , 64 bit Build 19041 (10.0.19041.1503)
OS uptime: 5 days 21:03 hours

CPU: total 4 (initial active 4) (2 cores per cpu, 2 threads per core) family 6 model 142 stepping 9 microcode 0xca, cx8, cmov, fxsr, ht, mmx, 3dnowpref, sse, sse2, sse3, ssse3, sse4.1, sse4.2, popcnt, lzcnt, tsc, tscinvbit, avx, avx2, aes, erms, clmul, bmi1, bmi2, adx, fma, vzeroupper, clflush, clflushopt

Memory: 4k page, system-wide physical 3978M (146M free)
TotalPageFile size 13170M (AvailPageFile size 12M)
current process WorkingSet (physical memory assigned to process): 73M, peak: 73M
current process commit charge ("private bytes"): 188M, peak: 188M

vm_info: OpenJDK 64-Bit Server VM (17.0.2+8) for windows-amd64 JRE (17.0.2+8), built on Jan 20 2022 04:52:34 by "" with MS VC++ 16.7 (VS2019)

END.
